0 info it worked if it ends with ok
1 verbose cli [ 'c:\\Users\\Thomas\\workspace\\bestia-behemoth\\bestia-www-client\\node\\node',
1 verbose cli   'c:\\Users\\Thomas\\workspace\\bestia-behemoth\\bestia-www-client\\node\\npm\\bin\\npm-cli.js',
1 verbose cli   'install',
1 verbose cli   '--color=false' ]
2 info using npm@2.9.1
3 info using node@v0.12.3
4 verbose node symlink c:\Users\Thomas\workspace\bestia-behemoth\bestia-www-client\node\node
5 verbose readDependencies loading dependencies from c:\Users\Thomas\workspace\bestia-behemoth\bestia-www-client\package.json
6 error install Couldn't read dependencies
7 verbose stack Error: Invalid version: "alpha-0.1.5"
7 verbose stack     at Object.module.exports.fixVersionField (c:\Users\Thomas\workspace\bestia-behemoth\bestia-www-client\node\npm\node_modules\normalize-package-data\lib\fixer.js:184:13)
7 verbose stack     at c:\Users\Thomas\workspace\bestia-behemoth\bestia-www-client\node\npm\node_modules\normalize-package-data\lib\normalize.js:30:38
7 verbose stack     at Array.forEach (native)
7 verbose stack     at normalize (c:\Users\Thomas\workspace\bestia-behemoth\bestia-www-client\node\npm\node_modules\normalize-package-data\lib\normalize.js:29:15)
7 verbose stack     at final (c:\Users\Thomas\workspace\bestia-behemoth\bestia-www-client\node\npm\node_modules\read-package-json\read-json.js:338:5)
7 verbose stack     at then (c:\Users\Thomas\workspace\bestia-behemoth\bestia-www-client\node\npm\node_modules\read-package-json\read-json.js:113:5)
7 verbose stack     at c:\Users\Thomas\workspace\bestia-behemoth\bestia-www-client\node\npm\node_modules\read-package-json\read-json.js:232:12
7 verbose stack     at evalmachine.<anonymous>:334:14
7 verbose stack     at c:\Users\Thomas\workspace\bestia-behemoth\bestia-www-client\node\npm\node_modules\graceful-fs\graceful-fs.js:102:5
7 verbose stack     at FSReqWrap.oncomplete (evalmachine.<anonymous>:95:15)
8 verbose cwd c:\Users\Thomas\workspace\bestia-behemoth\bestia-www-client
9 error Windows_NT 6.1.7601
10 error argv "c:\\Users\\Thomas\\workspace\\bestia-behemoth\\bestia-www-client\\node\\node" "c:\\Users\\Thomas\\workspace\\bestia-behemoth\\bestia-www-client\\node\\npm\\bin\\npm-cli.js" "install" "--color=false"
11 error node v0.12.3
12 error npm  v2.9.1
13 error Invalid version: "alpha-0.1.5"
14 error If you need help, you may report this error at:
14 error     <https://github.com/npm/npm/issues>
15 verbose exit [ 1, true ]
